<?xml version="1.0" encoding="UTF-8"?>
<testsuite name="com.example.individualproject.IndividualProjectApplicationTests" tests="1" skipped="0" failures="0" errors="0" timestamp="2023-09-14T17:47:50" hostname="THAILAND" time="0.589">
  <properties/>
  <testcase name="contextLoads()" classname="com.example.individualproject.IndividualProjectApplicationTests" time="0.589"/>
  <system-out><![CDATA[19:47:49.680 [Test worker] INFO org.springframework.test.context.support.AnnotationConfigContextLoaderUtils -- Could not detect default configuration classes for test class [com.example.individualproject.IndividualProjectApplicationTests]: IndividualProjectApplicationTests does not declare any static, non-private, non-final, nested classes annotated with @Configuration.
19:47:49.755 [Test worker] INFO org.springframework.boot.test.context.SpringBootTestContextBootstrapper -- Found @SpringBootConfiguration com.example.individualproject.IndividualProjectApplication for test class com.example.individualproject.IndividualProjectApplicationTests

  .   ____          _            __ _ _
 /\\ / ___'_ __ _ _(_)_ __  __ _ \ \ \ \
( ( )\___ | '_ | '_| | '_ \/ _` | \ \ \ \
 \\/  ___)| |_)| | | | | || (_| |  ) ) ) )
  '  |____| .__|_| |_|_| |_\__, | / / / /
 =========|_|==============|___/=/_/_/_/
 :: Spring Boot ::                (v3.1.3)

2023-09-14T19:47:50.081+02:00  INFO 20996 --- [    Test worker] c.e.i.IndividualProjectApplicationTests  : Starting IndividualProjectApplicationTests using Java 20.0.1 with PID 20996 (started by sando in C:\Users\sando\Repositories\individual-project-semester-3\individual-project)
2023-09-14T19:47:50.082+02:00  INFO 20996 --- [    Test worker] c.e.i.IndividualProjectApplicationTests  : No active profile set, falling back to 1 default profile: "default"
2023-09-14T19:47:50.968+02:00  INFO 20996 --- [    Test worker] c.e.i.IndividualProjectApplicationTests  : Started IndividualProjectApplicationTests in 1.075 seconds (process running for 2.006)
]]></system-out>
  <system-err><![CDATA[]]></system-err>
</testsuite>
